<?xml version="1.0" encoding="UTF-8"?>
<testng-results ignored="0" total="1" passed="1" failed="0" skipped="0">
  <reporter-output>
  </reporter-output>
  <suite started-at="2022-05-16T21:01:02 IST" name="Default suite" finished-at="2022-05-16T21:01:03 IST" duration-ms="97">
    <groups>
    </groups>
    <test started-at="2022-05-16T21:01:02 IST" name="Default test" finished-at="2022-05-16T21:01:03 IST" duration-ms="97">
      <class name="ESCN.ViratTest">
        <test-method signature="testTest()[pri:0, instance:ESCN.ViratTest@a3d8174]" started-at="2022-05-16T21:01:03 IST" name="testTest" finished-at="2022-05-16T21:01:03 IST" duration-ms="14" status="PASS">
          <reporter-output>
          </reporter-output>
        </test-method> <!-- testTest -->
      </class> <!-- ESCN.ViratTest -->
    </test> <!-- Default test -->
  </suite> <!-- Default suite -->
</testng-results>
